<?xml version="1.0" encoding="UTF-8"?>
<!-- Generated by org.testng.reporters.JUnitReportReporter -->
<testsuite hostname="LAPTOP-EOTMC265" failures="0" tests="3" name="sample.prority" time="0.022" errors="0" timestamp="2025-01-19T20:06:44 IST" skipped="0">
  <testcase classname="sample.prority" name="createUser" time="0.018"/>
  <testcase classname="sample.prority" name="modifyUser" time="0.002"/>
  <testcase classname="sample.prority" name="deleteUser" time="0.002"/>
</testsuite> <!-- sample.prority -->
