<?xml version="1.0" encoding="UTF-8"?>
<!-- Generated by org.testng.reporters.JUnitReportReporter -->
<testsuite hostname="LAPTOP-EOTMC265" failures="0" tests="1" name="test_repo.TC_003" time="19.573" errors="0" timestamp="2025-02-04T09:27:03 IST" skipped="0">
  <testcase classname="test_repo.TC_003" name="leads_03" time="19.573"/>
  <system-out>
    <![CDATA[leads_03listeners test started
leads_03listeners test passed]]>
  </system-out>
</testsuite> <!-- test_repo.TC_003 -->
