<?xml version="1.0" encoding="UTF-8"?>
<!-- Generated by org.testng.reporters.JUnitReportReporter -->
<testsuite hostname="LAPTOP-EOTMC265" failures="0" tests="1" name="test_repo.TC_004" time="39.783" errors="0" timestamp="2025-01-24T11:26:22 IST" skipped="0">
  <testcase classname="test_repo.TC_004" name="contacts_001" time="39.783"/>
  <system-out/>
</testsuite> <!-- test_repo.TC_004 -->
