<?xml version="1.0" encoding="UTF-8"?>
<!-- Generated by org.testng.reporters.JUnitReportReporter -->
<testsuite hostname="LAPTOP-EOTMC265" failures="0" tests="5" name="sample.depends" time="0.038" errors="0" timestamp="2025-01-18T19:22:44 IST" skipped="0">
  <testcase classname="sample.depends" name="deleteUser" time="0.002"/>
  <testcase classname="sample.depends" name="modifyUser" time="0.001"/>
  <testcase classname="sample.depends" name="modifyUser" time="0.022"/>
  <testcase classname="sample.depends" name="modifyUser" time="0.010"/>
  <testcase classname="sample.depends" name="createUser" time="0.003"/>
</testsuite> <!-- sample.depends -->
