<?xml version="1.0" encoding="UTF-8"?>
<!-- Generated by org.testng.reporters.JUnitReportReporter -->
<testsuite hostname="LAPTOP-EOTMC265" failures="0" tests="1" name="test_repo.TC_005" time="25.594" errors="0" timestamp="2025-01-26T12:51:45 IST" skipped="0">
  <testcase classname="test_repo.TC_005" name="contacts_001" time="25.594"/>
  <system-out/>
</testsuite> <!-- test_repo.TC_005 -->
