<?xml version="1.0" encoding="UTF-8"?>
<!-- Generated by org.testng.reporters.JUnitReportReporter -->
<testsuite hostname="LAPTOP-EOTMC265" failures="0" tests="1" name="test_repo.TC_001" time="48.574" errors="0" timestamp="2025-02-04T09:27:03 IST" skipped="0">
  <testcase classname="test_repo.TC_001" name="leads_001" time="48.574"/>
  <system-out>
    <![CDATA[leads_001listeners test started
leads_001listeners test passed]]>
  </system-out>
</testsuite> <!-- test_repo.TC_001 -->
