<?xml version="1.0" encoding="UTF-8"?>
<!-- Generated by org.testng.reporters.JUnitReportReporter -->
<testsuite hostname="LAPTOP-EOTMC265" failures="0" tests="1" name="test_repo.TC_002" time="19.056" errors="0" timestamp="2025-02-04T09:27:03 IST" skipped="0">
  <testcase classname="test_repo.TC_002" name="leads_02" time="19.056"/>
  <system-out>
    <![CDATA[leads_02listeners test started
leads_02listeners test passed]]>
  </system-out>
</testsuite> <!-- test_repo.TC_002 -->
