<?xml version="1.0" encoding="UTF-8"?>
<!-- Generated by org.testng.reporters.JUnitReportReporter -->
<testsuite hostname="LAPTOP-EOTMC265" failures="0" tests="3" name="sample.ignoring" time="0.015" errors="0" timestamp="2025-01-18T19:25:55 IST" skipped="2">
  <testcase classname="sample.ignoring" name="createUser" time="0.015"/>
  <testcase classname="sample.ignoring" name="deleteUser">
    <skipped/>
  </testcase> <!-- deleteUser -->
  <testcase classname="sample.ignoring" name="modifyUser">
    <skipped/>
  </testcase> <!-- modifyUser -->
</testsuite> <!-- sample.ignoring -->
